<?xml version="1.0" encoding="UTF-8"?>
<!-- Generated by org.testng.reporters.JUnitXMLReporter -->
<testsuite ignored="0" hostname="Kuresh" failures="0" tests="6" name="Default test" time="17.694" errors="0" timestamp="2024-04-17T21:50:54 IST">
  <testcase classname="api.test.DDTests" name="testPostuser" time="6.233"/>
  <testcase classname="api.test.DDTests" name="testPostuser" time="1.57"/>
  <testcase classname="api.test.DDTests" name="testPostuser" time="1.43"/>
  <testcase classname="api.test.DDTests" name="testDeleteuserByName" time="1.608"/>
  <testcase classname="api.test.DDTests" name="testDeleteuserByName" time="1.532"/>
  <testcase classname="api.test.DDTests" name="testDeleteuserByName" time="1.534"/>
</testsuite> <!-- Default test -->
