<?xml version="1.0" encoding="UTF-8"?>
<testng-results ignored="0" total="4" passed="4" failed="0" skipped="0">
  <reporter-output>
  </reporter-output>
  <suite started-at="2024-04-16T18:30:06 IST" name="Default suite" finished-at="2024-04-16T18:30:17 IST" duration-ms="10471">
    <groups>
    </groups>
    <test started-at="2024-04-16T18:30:06 IST" name="Default test" finished-at="2024-04-16T18:30:17 IST" duration-ms="10471">
      <class name="api.test.UserTests">
        <test-method is-config="true" signature="setupData()[pri:0, instance:api.test.UserTests@548d708a]" started-at="2024-04-16T18:30:06 IST" name="setupData" finished-at="2024-04-16T18:30:07 IST" duration-ms="433" status="PASS">
          <reporter-output>
          </reporter-output>
        </test-method> <!-- setupData -->
        <test-method signature="testPostUser()[pri:1, instance:api.test.UserTests@548d708a]" started-at="2024-04-16T18:30:07 IST" name="testPostUser" finished-at="2024-04-16T18:30:12 IST" duration-ms="5173" status="PASS">
          <reporter-output>
          </reporter-output>
        </test-method> <!-- testPostUser -->
        <test-method signature="testgetUser()[pri:2, instance:api.test.UserTests@548d708a]" started-at="2024-04-16T18:30:12 IST" name="testgetUser" finished-at="2024-04-16T18:30:13 IST" duration-ms="1233" status="PASS">
          <reporter-output>
          </reporter-output>
        </test-method> <!-- testgetUser -->
        <test-method signature="testupdateUserByName()[pri:3, instance:api.test.UserTests@548d708a]" started-at="2024-04-16T18:30:13 IST" name="testupdateUserByName" finished-at="2024-04-16T18:30:16 IST" duration-ms="2331" status="PASS">
          <reporter-output>
          </reporter-output>
        </test-method> <!-- testupdateUserByName -->
        <test-method signature="testdeleteUserByName()[pri:4, instance:api.test.UserTests@548d708a]" started-at="2024-04-16T18:30:16 IST" name="testdeleteUserByName" finished-at="2024-04-16T18:30:17 IST" duration-ms="1181" status="PASS">
          <reporter-output>
          </reporter-output>
        </test-method> <!-- testdeleteUserByName -->
      </class> <!-- api.test.UserTests -->
    </test> <!-- Default test -->
  </suite> <!-- Default suite -->
</testng-results>
