<?xml version="1.0" encoding="UTF-8"?>
<!-- Generated by org.testng.reporters.JUnitXMLReporter -->
<testsuite ignored="0" hostname="Kuresh" failures="0" tests="10" name="PetTest" time="18.215" errors="0" timestamp="2024-04-18T18:13:06 IST">
  <testcase classname="api.test.UserTests" name="testPostUser" time="4.011"/>
  <testcase classname="api.test.UserTests" name="testgetUser" time="1.518"/>
  <testcase classname="api.test.UserTests" name="testupdateUserByName" time="2.36"/>
  <testcase classname="api.test.UserTests" name="testdeleteUserByName" time="1.188"/>
  <testcase classname="api.test.DDTests" name="testPostuser" time="1.202"/>
  <testcase classname="api.test.DDTests" name="testPostuser" time="1.155"/>
  <testcase classname="api.test.DDTests" name="testPostuser" time="1.094"/>
  <testcase classname="api.test.DDTests" name="testDeleteuserByName" time="1.132"/>
  <testcase classname="api.test.DDTests" name="testDeleteuserByName" time="1.178"/>
  <testcase classname="api.test.DDTests" name="testDeleteuserByName" time="1.122"/>
</testsuite> <!-- PetTest -->
